#
# There is insufficient memory for the Java Runtime Environment to continue.
# Native memory allocation (mmap) failed to map 134217728 bytes for Failed to commit area from 0x0000000081c00000 to 0x0000000089c00000 of length 134217728.
# Possible reasons:
#   The system is out of physical RAM or swap space
#   The process is running with CompressedOops enabled, and the Java Heap may be blocking the growth of the native heap
# Possible solutions:
#   Reduce memory load on the system
#   Increase physical memory or swap space
#   Check if swap backing store is full
#   Decrease Java heap size (-Xmx/-Xms)
#   Decrease number of Java threads
#   Decrease Java thread stack sizes (-Xss)
#   Set larger code cache with -XX:ReservedCodeCacheSize=
# This output file may be truncated or incomplete.
#
#  Out of Memory Error (./src/hotspot/os/windows/os_windows.cpp:3303), pid=25232, tid=13168
#
# JRE version:  (11.0.9.1+11) (build )
# Java VM: OpenJDK 64-Bit Server VM (11.0.9.1+11-b1145.63, mixed mode, sharing, tiered, compressed oops, g1 gc, windows-amd64)
# No core dump will be written. Minidumps are not enabled by default on client versions of Windows
#

---------------  S U M M A R Y ------------

Command Line: org.jetbrains.git4idea.http.GitAskPassApp Username for 'https://github.com': 

Host: Intel(R) Core(TM) i3-7100U CPU @ 2.40GHz, 4 cores, 7G,  Windows 10 , 64 bit Build 19041 (10.0.19041.1202)
Time: Sun Oct 24 23:35:10 2021 GMT Summer Time elapsed time: 0.075021 seconds (0d 0h 0m 0s)

---------------  T H R E A D  ---------------

Current thread (0x000001c4b53cc000):  JavaThread "Unknown thread" [_thread_in_vm, id=13168, stack(0x000000af3e700000,0x000000af3e800000)]

Stack: [0x000000af3e700000,0x000000af3e800000]
Native frames: (J=compiled Java code, j=interpreted, Vv=VM code, C=native code)
V  [jvm.dll+0x5edd9a]
V  [jvm.dll+0x7229c5]
V  [jvm.dll+0x723f1d]
V  [jvm.dll+0x7245d3]
V  [jvm.dll+0x2431b8]
V  [jvm.dll+0x5eb234]
V  [jvm.dll+0x5e0325]
V  [jvm.dll+0x2fe60b]
V  [jvm.dll+0x2fe57a]
V  [jvm.dll+0x2fe452]
V  [jvm.dll+0x303346]
V  [jvm.dll+0x34ba83]
V  [jvm.dll+0x34c186]
V  [jvm.dll+0x34bb83]
V  [jvm.dll+0x2d9218]
V  [jvm.dll+0x2da3c7]
V  [jvm.dll+0x701a67]
V  [jvm.dll+0x70325c]
V  [jvm.dll+0x359049]
V  [jvm.dll+0x6e552e]
V  [jvm.dll+0x3c1353]
V  [jvm.dll+0x3c3571]
C  [jli.dll+0x5373]
C  [ucrtbase.dll+0x21bb2]
C  [KERNEL32.DLL+0x17034]
C  [ntdll.dll+0x52651]


---------------  P R O C E S S  ---------------

Threads class SMR info:
_java_thread_list=0x000001c4b52d3740, length=0, elements={
}

Java Threads: ( => current thread )

Other Threads:
  0x000001c4b53e5800 GCTaskThread "GC Thread#0" [stack: 0x000000af3e800000,0x000000af3e900000] [id=16776]
  0x000001c4b5417000 ConcurrentGCThread "G1 Main Marker" [stack: 0x000000af3e900000,0x000000af3ea00000] [id=34420]
  0x000001c4b5418800 ConcurrentGCThread "G1 Conc#0" [stack: 0x000000af3ea00000,0x000000af3eb00000] [id=4144]

[error occurred during error reporting (printing all threads), id 0xc0000005, EXCEPTION_ACCESS_VIOLATION (0xc0000005) at pc=0x00007ffdb5c49807]

VM state:not at safepoint (not fully initialized)

VM Mutex/Monitor currently owned by a thread:  ([mutex/lock_event])
[0x000001c4b53c9160] Heap_lock - owner thread: 0x000001c4b53cc000

Heap address: 0x0000000081c00000, size: 2020 MB, Compressed Oops mode: Non-zero based: 0x0000000081c00000
Narrow klass base: 0x0000000000000000, Narrow klass shift: 0

GC Heap History (0 events):
No events

Deoptimization events (0 events):
No events

Classes redefined (0 events):
No events

Internal exceptions (0 events):
No events

Events (1 events):
Event: 0.048 Loaded shared library C:\Program Files\JetBrains\PyCharm Community Edition 2020.3.2\jbr\bin\zip.dll


Dynamic libraries:
0x00007ff60ff50000 - 0x00007ff60ff5a000 	C:\Program Files\JetBrains\PyCharm Community Edition 2020.3.2\jbr\bin\java.exe
0x00007ffe37c90000 - 0x00007ffe37e85000 	C:\WINDOWS\SYSTEM32\ntdll.dll
0x00007ffe35e00000 - 0x00007ffe35ebe000 	C:\WINDOWS\System32\KERNEL32.DLL
0x00007ffe35630000 - 0x00007ffe358f9000 	C:\WINDOWS\System32\KERNELBASE.dll
0x00007ffe353b0000 - 0x00007ffe354b0000 	C:\WINDOWS\System32\ucrtbase.dll
0x00007ffdfe4b0000 - 0x00007ffdfe4c9000 	C:\Program Files\JetBrains\PyCharm Community Edition 2020.3.2\jbr\bin\jli.dll
0x00007ffdfc510000 - 0x00007ffdfc527000 	C:\Program Files\JetBrains\PyCharm Community Edition 2020.3.2\jbr\bin\VCRUNTIME140.dll
0x00007ffe36a20000 - 0x00007ffe36bc1000 	C:\WINDOWS\System32\USER32.dll
0x00007ffe35c00000 - 0x00007ffe35c22000 	C:\WINDOWS\System32\win32u.dll
0x00007ffe378d0000 - 0x00007ffe378fb000 	C:\WINDOWS\System32\GDI32.dll
0x00007ffe35900000 - 0x00007ffe35a0b000 	C:\WINDOWS\System32\gdi32full.dll
0x00007ffe354b0000 - 0x00007ffe3554d000 	C:\WINDOWS\System32\msvcp_win.dll
0x00007ffe2a040000 - 0x00007ffe2a2da000 	C:\WINDOWS\WinSxS\amd64_microsoft.windows.common-controls_6595b64144ccf1df_6.0.19041.1110_none_60b5254171f9507e\COMCTL32.dll
0x00007ffe379b0000 - 0x00007ffe37a4e000 	C:\WINDOWS\System32\msvcrt.dll
0x00007ffe36bd0000 - 0x00007ffe36c00000 	C:\WINDOWS\System32\IMM32.DLL
0x00007ffdfb2f0000 - 0x00007ffdfb38d000 	C:\Program Files\JetBrains\PyCharm Community Edition 2020.3.2\jbr\bin\msvcp140.dll
0x00007ffdb5960000 - 0x00007ffdb642e000 	C:\Program Files\JetBrains\PyCharm Community Edition 2020.3.2\jbr\bin\server\jvm.dll
0x00007ffe37ba0000 - 0x00007ffe37c4c000 	C:\WINDOWS\System32\ADVAPI32.dll
0x00007ffe36c00000 - 0x00007ffe36c9b000 	C:\WINDOWS\System32\sechost.dll
0x00007ffe377a0000 - 0x00007ffe378ca000 	C:\WINDOWS\System32\RPCRT4.dll
0x00007ffe37a50000 - 0x00007ffe37a58000 	C:\WINDOWS\System32\PSAPI.DLL
0x00007ffe27260000 - 0x00007ffe27287000 	C:\WINDOWS\SYSTEM32\WINMM.dll
0x00007ffe26f80000 - 0x00007ffe26f89000 	C:\WINDOWS\SYSTEM32\WSOCK32.dll
0x00007ffe2aef0000 - 0x00007ffe2aefa000 	C:\WINDOWS\SYSTEM32\VERSION.dll
0x00007ffe37a60000 - 0x00007ffe37acb000 	C:\WINDOWS\System32\ws2_32.DLL
0x00007ffe33c30000 - 0x00007ffe33c42000 	C:\WINDOWS\SYSTEM32\kernel.appcore.dll
0x00007ffe2efe0000 - 0x00007ffe2eff1000 	C:\Program Files\JetBrains\PyCharm Community Edition 2020.3.2\jbr\bin\verify.dll
0x00007ffe33160000 - 0x00007ffe33344000 	C:\WINDOWS\SYSTEM32\DBGHELP.DLL
0x00007ffe2d390000 - 0x00007ffe2d3bc000 	C:\WINDOWS\SYSTEM32\dbgcore.DLL
0x00007ffe35a10000 - 0x00007ffe35a93000 	C:\WINDOWS\System32\bcryptPrimitives.dll
0x00007ffe2efb0000 - 0x00007ffe2efd9000 	C:\Program Files\JetBrains\PyCharm Community Edition 2020.3.2\jbr\bin\java.dll
0x00007ffe2f710000 - 0x00007ffe2f71b000 	C:\Program Files\JetBrains\PyCharm Community Edition 2020.3.2\jbr\bin\jimage.dll
0x00007ffe2ef90000 - 0x00007ffe2efa8000 	C:\Program Files\JetBrains\PyCharm Community Edition 2020.3.2\jbr\bin\zip.dll

dbghelp: loaded successfully - version: 4.0.5 - missing functions: none
symbol engine: initialized successfully - sym options: 0x614 - pdb path: .;C:\Program Files\JetBrains\PyCharm Community Edition 2020.3.2\jbr\bin;C:\WINDOWS\SYSTEM32;C:\WINDOWS\WinSxS\amd64_microsoft.windows.common-controls_6595b64144ccf1df_6.0.19041.1110_none_60b5254171f9507e;C:\Program Files\JetBrains\PyCharm Community Edition 2020.3.2\jbr\bin\server

VM Arguments:
java_command: org.jetbrains.git4idea.http.GitAskPassApp Username for 'https://github.com': 
java_class_path (initial): C:/Program Files/JetBrains/PyCharm Community Edition 2020.3.2/plugins/git4idea/lib/git4idea-rt.jar;C:/Program Files/JetBrains/PyCharm Community Edition 2020.3.2/lib/xmlrpc-2.0.1.jar;C:/Program Files/JetBrains/PyCharm Community Edition 2020.3.2/lib/commons-codec-1.14.jar
Launcher Type: SUN_STANDARD

[Global flags]
     intx CICompilerCount                          = 3                                         {product} {ergonomic}
     uint ConcGCThreads                            = 1                                         {product} {ergonomic}
     uint G1ConcRefinementThreads                  = 4                                         {product} {ergonomic}
   size_t G1HeapRegionSize                         = 1048576                                   {product} {ergonomic}
    uintx GCDrainStackTargetSize                   = 64                                        {product} {ergonomic}
   size_t InitialHeapSize                          = 134217728                                 {product} {ergonomic}
   size_t MarkStackSize                            = 4194304                                   {product} {ergonomic}
   size_t MaxHeapSize                              = 2118123520                                {product} {ergonomic}
   size_t MinHeapDeltaBytes                        = 1048576                                   {product} {ergonomic}
    uintx NonNMethodCodeHeapSize                   = 5830732                                {pd product} {ergonomic}
    uintx NonProfiledCodeHeapSize                  = 122913754                              {pd product} {ergonomic}
    uintx ProfiledCodeHeapSize                     = 122913754                              {pd product} {ergonomic}
    uintx ReservedCodeCacheSize                    = 251658240                              {pd product} {ergonomic}
     bool SegmentedCodeCache                       = true                                      {product} {ergonomic}
     bool UseCompressedClassPointers               = true                                 {lp64_product} {ergonomic}
     bool UseCompressedOops                        = true                                 {lp64_product} {ergonomic}
     bool UseG1GC                                  = true                                      {product} {ergonomic}
     bool UseLargePagesIndividualAllocation        = false                                  {pd product} {ergonomic}

Logging:
Log output configuration:
 #0: stdout all=warning uptime,level,tags
 #1: stderr all=off uptime,level,tags

Environment Variables:
PATH=C:\Program Files\Git\mingw64\libexec\git-core;C:\Program Files\Git\mingw64\libexec\git-core;C:\Program Files\Git\mingw64\bin;C:\Program Files\Git\usr\bin;C:\Users\Mike\bin;C:\Program Files (x86)\Intel\iCLS Client;C:\Program Files\Intel\iCLS Client;C:\WINDOWS\system32;C:\WINDOWS;C:\WINDOWS\System32\Wbem;C:\WINDOWS\System32\WindowsPowerShell\v1.0;C:\Program Files (x86)\Intel\Intel(R) Management Engine Components\DAL;C:\Program Files\Intel\Intel(R) Management Engine Components\DAL;C:\Program Files (x86)\Intel\Intel(R) Management Engine Components\IPT;C:\Program Files\Intel\Intel(R) Management Engine Components\IPT;C:\WINDOWS\System32\OpenSSH;C:\Program Files\dotnet;C:\Program Files\Microsoft SQL Server\130\Tools\Binn;C:\Program Files\Intel\WiFi\bin;C:\Program Files\Common Files\Intel\WirelessCommon;C:\Program Files\Git\cmd;C:\Users\Mike\AppData\Local\Microsoft\WindowsApps
USERNAME=Mike
DISPLAY=:0.0
LC_ALL=en_US.UTF-8
OS=Windows_NT
PROCESSOR_IDENTIFIER=Intel64 Family 6 Model 142 Stepping 9, GenuineIntel



---------------  S Y S T E M  ---------------

OS: Windows 10 , 64 bit Build 19041 (10.0.19041.1202)
OS uptime: 7 days 4:20 hours

CPU:total 4 (initial active 4) (2 cores per cpu, 2 threads per core) family 6 model 142 stepping 9, cmov, cx8, fxsr, mmx, sse, sse2, sse3, ssse3, sse4.1, sse4.2, popcnt, avx, avx2, aes, clmul, erms, 3dnowpref, lzcnt, ht, tsc, tscinvbit, bmi1, bmi2, adx, fma

Memory: 4k page, system-wide physical 8077M (497M free)
TotalPageFile size 19410M (AvailPageFile size 20M)
current process WorkingSet (physical memory assigned to process): 9M, peak: 9M
current process commit charge ("private bytes"): 51M, peak: 179M

vm_info: OpenJDK 64-Bit Server VM (11.0.9.1+11-b1145.63) for windows-amd64 JRE (11.0.9.1+11-b1145.63), built on Dec 21 2020 13:58:54 by "" with MS VC++ 14.0 (VS2015)

END.
